<?xml version="1.0" encoding="UTF-8"?>
<testsuites>
  <testsuite name="performing_a_login1" timestamp="2018-02-17T00:20:01" time="2.599" tests="0" failures="0" errors="0" skipped="0">
    <properties>
      <property name="specId" value="8c791e660c68b920358f3ee34535f770"/>
      <property name="suiteName" value="Performing a login1"/>
      <property name="capabilities" value="chrome"/>
    </properties>
  </testsuite>
  <testsuite name="performing_login_operation_with_passing_test_data_as_data_table17" timestamp="2018-02-17T00:20:01" time="2.596" tests="3" failures="0" errors="1" skipped="2">
    <properties>
      <property name="specId" value="8c791e660c68b920358f3ee34535f770"/>
      <property name="suiteName" value="Performing login operation with passing test data as data table17"/>
      <property name="capabilities" value="chrome"/>
    </properties>
    <testcase classname="chrome.Performing login operation with passing test data as data table17" name="I am on the workmarket login page9" time="4.9">
      <error message="&#xA;unknown error: unhandled inspector error: {&quot;code&quot;:-32000,&quot;message&quot;:&quot;No target with given id&quot;}&#xA;"/>
      <system-err>
        <![CDATA[
Error: An unknown server-side error occurred while processing the command.
    at windowHandleFullscreen() - index.js:316:3
]]>
      </system-err>
    </testcase>
    <testcase classname="chrome.Performing login operation with passing test data as data table17" name="I login with username and password &quot;qa+e@workmarket.com&quot; &quot;w0rkmarket12&quot; into the text box12" time="0">
      <skipped/>
    </testcase>
    <testcase classname="chrome.Performing login operation with passing test data as data table17" name="I should see the message &quot;Find Talent&quot; on my home page13" time="0">
      <skipped/>
    </testcase>
  </testsuite>
</testsuites>